<?xml version="1.0" encoding="UTF-8"?>
<!-- Generated by org.testng.reporters.JUnitXMLReporter -->
<testsuite ignored="0" hostname="Nandemonaiya" failures="0" tests="3" name="Login Tests" time="0.107" errors="0" timestamp="2025-08-24T18:24:47 IST">
  <testcase classname="tests.LoginTest" name="@BeforeMethod setUp" time="0.017">
    <failure type="java.lang.NullPointerException" message="Cannot invoke &amp;quot;org.openqa.selenium.WebDriver.get(String)&amp;quot; because &amp;quot;this.driver&amp;quot; is null">
      <![CDATA[java.lang.NullPointerException: Cannot invoke "org.openqa.selenium.WebDriver.get(String)" because "this.driver" is null
at tests.LoginTest.setUp(LoginTest.java:17)
at java.base/java.util.ArrayList.forEach(ArrayList.java:1511)
... Removed 31 stack frames]]>
    </failure>
  </testcase> <!-- @BeforeMethod setUp -->
  <testcase classname="tests.LoginTest" name="@AfterMethod tearDown" time="0.0">
    <skipped/>
  </testcase> <!-- @AfterMethod tearDown -->
  <testcase classname="tests.LoginTest" name="@BeforeMethod setUp" time="0.0">
    <skipped/>
  </testcase> <!-- @BeforeMethod setUp -->
  <testcase classname="tests.LoginTest" name="@AfterMethod tearDown" time="0.0">
    <skipped/>
  </testcase> <!-- @AfterMethod tearDown -->
  <testcase classname="tests.LoginTest" name="@BeforeMethod setUp" time="0.0">
    <skipped/>
  </testcase> <!-- @BeforeMethod setUp -->
  <testcase classname="tests.LoginTest" name="@AfterMethod tearDown" time="0.0">
    <skipped/>
  </testcase> <!-- @AfterMethod tearDown -->
  <testcase classname="tests.LoginTest" name="testValidLogin" time="0.0">
    <skipped/>
  </testcase> <!-- testValidLogin -->
  <testcase classname="tests.LoginTest" name="testInvalidMobileLogin" time="0.0">
    <skipped/>
  </testcase> <!-- testInvalidMobileLogin -->
  <testcase classname="tests.LoginTest" name="testLoginUIElements" time="0.0">
    <skipped/>
  </testcase> <!-- testLoginUIElements -->
</testsuite> <!-- Login Tests -->
