<?xml version="1.0" encoding="UTF-8"?>
<!-- Generated by org.testng.reporters.JUnitXMLReporter -->
<testsuite ignored="0" hostname="Nandemonaiya" failures="0" tests="3" name="Default test" time="58.239" errors="0" timestamp="2025-08-30T14:37:31 IST">
  <testcase classname="tests.LoginTest" name="testLoginUIElements" time="1.794"/>
  <testcase classname="tests.LoginTest" name="testLoginWithInvalidMobile" time="1.178"/>
  <testcase classname="tests.LoginTest" name="testLoginWithValidMobile" time="1.88"/>
</testsuite> <!-- Default test -->
