<?xml version="1.0" encoding="UTF-8"?>
<!-- Generated by org.testng.reporters.JUnitXMLReporter -->
<testsuite ignored="0" hostname="Nandemonaiya" failures="0" tests="12" name="Chrome Tests" time="254.381" errors="0" timestamp="2025-08-30T17:39:48 IST">
  <testcase classname="tests.LoginTest" name="testLoginUIElements" time="1.946"/>
  <testcase classname="tests.LoginTest" name="testLoginWithInvalidMobile" time="2.684"/>
  <testcase classname="tests.LoginTest" name="testLoginWithValidMobile" time="3.519"/>
  <testcase classname="tests.CityTest" name="testChangeLocation" time="12.48"/>
  <testcase classname="tests.CityTest" name="testSearchAndSelectCity" time="11.67"/>
  <testcase classname="tests.CityTest" name="testSelectCityByIcon" time="5.415"/>
  <testcase classname="tests.CityTest" name="testViewAllCities" time="1.178"/>
  <testcase classname="tests.MovieTest" name="testMovie8SelectRunningMovie" time="7.584"/>
  <testcase classname="tests.MovieTest" name="testTopMenuNavigation" time="19.157"/>
  <testcase classname="tests.MovieTest" name="testUpcomingAndNowShowing" time="3.802"/>
  <testcase classname="tests.GiftCardTest" name="testGiftCardSection" time="1.489"/>
  <testcase classname="tests.GiftCardTest" name="testInvalidGiftVoucher" time="1.096"/>
</testsuite> <!-- Chrome Tests -->
