<?xml version="1.0" encoding="UTF-8"?>
<!-- Generated by org.testng.reporters.JUnitXMLReporter -->
<testsuite ignored="0" hostname="Nandemonaiya" failures="0" tests="12" name="Edge Tests" time="249.306" errors="0" timestamp="2025-08-30T17:39:43 IST">
  <testcase classname="tests.LoginTest" name="testLoginUIElements" time="1.788"/>
  <testcase classname="tests.LoginTest" name="testLoginWithInvalidMobile" time="2.849"/>
  <testcase classname="tests.LoginTest" name="testLoginWithValidMobile" time="4.978"/>
  <testcase classname="tests.CityTest" name="testChangeLocation" time="13.326"/>
  <testcase classname="tests.CityTest" name="testSearchAndSelectCity" time="11.403"/>
  <testcase classname="tests.CityTest" name="testSelectCityByIcon" time="0.479"/>
  <testcase classname="tests.CityTest" name="testViewAllCities" time="1.202"/>
  <testcase classname="tests.MovieTest" name="testMovie8SelectRunningMovie" time="2.338"/>
  <testcase classname="tests.MovieTest" name="testTopMenuNavigation" time="15.91"/>
  <testcase classname="tests.MovieTest" name="testUpcomingAndNowShowing" time="2.664"/>
  <testcase classname="tests.GiftCardTest" name="testGiftCardSection" time="0.326"/>
  <testcase classname="tests.GiftCardTest" name="testInvalidGiftVoucher" time="2.365"/>
</testsuite> <!-- Edge Tests -->
