<?xml version="1.0" encoding="UTF-8"?>
<!-- Generated by org.testng.reporters.JUnitXMLReporter -->
<testsuite ignored="0" hostname="Nandemonaiya" failures="0" tests="12" name="Firefox Tests" time="305.459" errors="0" timestamp="2025-08-30T17:40:39 IST">
  <testcase classname="tests.LoginTest" name="testLoginUIElements" time="1.317"/>
  <testcase classname="tests.LoginTest" name="testLoginWithInvalidMobile" time="1.202"/>
  <testcase classname="tests.LoginTest" name="testLoginWithValidMobile" time="1.242"/>
  <testcase classname="tests.CityTest" name="testChangeLocation" time="12.467"/>
  <testcase classname="tests.CityTest" name="testSearchAndSelectCity" time="11.928"/>
  <testcase classname="tests.CityTest" name="testSelectCityByIcon" time="0.597"/>
  <testcase classname="tests.CityTest" name="testViewAllCities" time="1.025"/>
  <testcase classname="tests.MovieTest" name="testMovie8SelectRunningMovie" time="2.691"/>
  <testcase classname="tests.MovieTest" name="testTopMenuNavigation" time="18.054"/>
  <testcase classname="tests.MovieTest" name="testUpcomingAndNowShowing" time="2.18"/>
  <testcase classname="tests.GiftCardTest" name="testGiftCardSection" time="0.187"/>
  <testcase classname="tests.GiftCardTest" name="testInvalidGiftVoucher" time="0.879"/>
</testsuite> <!-- Firefox Tests -->
