<?xml version="1.0" encoding="UTF-8"?>
<testng-results ignored="0" total="36" passed="36" failed="0" skipped="0">
  <reporter-output>
  </reporter-output>
  <suite started-at="2025-08-30T17:35:33 IST" name="Regression Suite" finished-at="2025-08-30T17:40:39 IST" duration-ms="305459">
    <groups>
    </groups>
    <test started-at="2025-08-30T17:35:33 IST" name="Edge Tests" finished-at="2025-08-30T17:39:42 IST" duration-ms="249306">
      <class name="tests.LoginTest">
        <test-method is-config="true" signature="setup(java.lang.String)[pri:0, instance:tests.LoginTest@623e088f]" started-at="2025-08-30T17:35:33 IST" name="setup" finished-at="2025-08-30T17:35:42 IST" duration-ms="8629" status="PASS">
          <params>
            <param index="0">
              <value>
                <![CDATA[edge]]>
              </value>
            </param>
          </params>
          <reporter-output>
          </reporter-output>
        </test-method> <!-- setup -->
        <test-method is-config="true" signature="setupPagesAndSelectCity()[pri:0, instance:tests.LoginTest@623e088f]" started-at="2025-08-30T17:35:42 IST" name="setupPagesAndSelectCity" finished-at="2025-08-30T17:35:54 IST" duration-ms="11839" status="PASS">
          <reporter-output>
          </reporter-output>
        </test-method> <!-- setupPagesAndSelectCity -->
        <test-method signature="testLoginUIElements()[pri:0, instance:tests.LoginTest@623e088f]" started-at="2025-08-30T17:35:54 IST" name="testLoginUIElements" finished-at="2025-08-30T17:35:55 IST" duration-ms="1788" status="PASS">
          <reporter-output>
          </reporter-output>
        </test-method> <!-- testLoginUIElements -->
        <test-method is-config="true" signature="tearDown()[pri:0, instance:tests.LoginTest@623e088f]" started-at="2025-08-30T17:35:55 IST" name="tearDown" finished-at="2025-08-30T17:35:56 IST" duration-ms="489" status="PASS">
          <reporter-output>
          </reporter-output>
        </test-method> <!-- tearDown -->
        <test-method is-config="true" signature="setup(java.lang.String)[pri:0, instance:tests.LoginTest@623e088f]" started-at="2025-08-30T17:35:56 IST" name="setup" finished-at="2025-08-30T17:36:02 IST" duration-ms="6162" status="PASS">
          <params>
            <param index="0">
              <value>
                <![CDATA[edge]]>
              </value>
            </param>
          </params>
          <reporter-output>
          </reporter-output>
        </test-method> <!-- setup -->
        <test-method is-config="true" signature="setupPagesAndSelectCity()[pri:0, instance:tests.LoginTest@623e088f]" started-at="2025-08-30T17:36:02 IST" name="setupPagesAndSelectCity" finished-at="2025-08-30T17:36:14 IST" duration-ms="11788" status="PASS">
          <reporter-output>
          </reporter-output>
        </test-method> <!-- setupPagesAndSelectCity -->
        <test-method signature="testLoginWithInvalidMobile()[pri:0, instance:tests.LoginTest@623e088f]" started-at="2025-08-30T17:36:14 IST" name="testLoginWithInvalidMobile" finished-at="2025-08-30T17:36:17 IST" duration-ms="2849" status="PASS">
          <reporter-output>
          </reporter-output>
        </test-method> <!-- testLoginWithInvalidMobile -->
        <test-method is-config="true" signature="tearDown()[pri:0, instance:tests.LoginTest@623e088f]" started-at="2025-08-30T17:36:17 IST" name="tearDown" finished-at="2025-08-30T17:36:18 IST" duration-ms="1290" status="PASS">
          <reporter-output>
          </reporter-output>
        </test-method> <!-- tearDown -->
        <test-method is-config="true" signature="setup(java.lang.String)[pri:0, instance:tests.LoginTest@623e088f]" started-at="2025-08-30T17:36:18 IST" name="setup" finished-at="2025-08-30T17:36:25 IST" duration-ms="6998" status="PASS">
          <params>
            <param index="0">
              <value>
                <![CDATA[edge]]>
              </value>
            </param>
          </params>
          <reporter-output>
          </reporter-output>
        </test-method> <!-- setup -->
        <test-method is-config="true" signature="setupPagesAndSelectCity()[pri:0, instance:tests.LoginTest@623e088f]" started-at="2025-08-30T17:36:25 IST" name="setupPagesAndSelectCity" finished-at="2025-08-30T17:36:37 IST" duration-ms="11754" status="PASS">
          <reporter-output>
          </reporter-output>
        </test-method> <!-- setupPagesAndSelectCity -->
        <test-method signature="testLoginWithValidMobile()[pri:0, instance:tests.LoginTest@623e088f]" started-at="2025-08-30T17:36:37 IST" name="testLoginWithValidMobile" finished-at="2025-08-30T17:36:42 IST" duration-ms="4978" status="PASS">
          <reporter-output>
          </reporter-output>
        </test-method> <!-- testLoginWithValidMobile -->
        <test-method is-config="true" signature="tearDown()[pri:0, instance:tests.LoginTest@623e088f]" started-at="2025-08-30T17:36:42 IST" name="tearDown" finished-at="2025-08-30T17:36:42 IST" duration-ms="507" status="PASS">
          <reporter-output>
          </reporter-output>
        </test-method> <!-- tearDown -->
      </class> <!-- tests.LoginTest -->
      <class name="tests.CityTest">
        <test-method is-config="true" signature="setup(java.lang.String)[pri:0, instance:tests.CityTest@39fcbef6]" started-at="2025-08-30T17:36:42 IST" name="setup" finished-at="2025-08-30T17:36:49 IST" duration-ms="7026" status="PASS">
          <params>
            <param index="0">
              <value>
                <![CDATA[edge]]>
              </value>
            </param>
          </params>
          <reporter-output>
          </reporter-output>
        </test-method> <!-- setup -->
        <test-method signature="testChangeLocation()[pri:0, instance:tests.CityTest@39fcbef6]" started-at="2025-08-30T17:36:49 IST" name="testChangeLocation" finished-at="2025-08-30T17:37:03 IST" duration-ms="13326" status="PASS">
          <reporter-output>
          </reporter-output>
        </test-method> <!-- testChangeLocation -->
        <test-method is-config="true" signature="tearDown()[pri:0, instance:tests.CityTest@39fcbef6]" started-at="2025-08-30T17:37:03 IST" name="tearDown" finished-at="2025-08-30T17:37:04 IST" duration-ms="1518" status="PASS">
          <reporter-output>
          </reporter-output>
        </test-method> <!-- tearDown -->
        <test-method is-config="true" signature="setup(java.lang.String)[pri:0, instance:tests.CityTest@39fcbef6]" started-at="2025-08-30T17:37:04 IST" name="setup" finished-at="2025-08-30T17:37:12 IST" duration-ms="8030" status="PASS">
          <params>
            <param index="0">
              <value>
                <![CDATA[edge]]>
              </value>
            </param>
          </params>
          <reporter-output>
          </reporter-output>
        </test-method> <!-- setup -->
        <test-method signature="testSearchAndSelectCity()[pri:0, instance:tests.CityTest@39fcbef6]" started-at="2025-08-30T17:37:12 IST" name="testSearchAndSelectCity" finished-at="2025-08-30T17:37:24 IST" duration-ms="11403" status="PASS">
          <reporter-output>
          </reporter-output>
        </test-method> <!-- testSearchAndSelectCity -->
        <test-method is-config="true" signature="tearDown()[pri:0, instance:tests.CityTest@39fcbef6]" started-at="2025-08-30T17:37:24 IST" name="tearDown" finished-at="2025-08-30T17:37:25 IST" duration-ms="938" status="PASS">
          <reporter-output>
          </reporter-output>
        </test-method> <!-- tearDown -->
        <test-method is-config="true" signature="setup(java.lang.String)[pri:0, instance:tests.CityTest@39fcbef6]" started-at="2025-08-30T17:37:25 IST" name="setup" finished-at="2025-08-30T17:37:34 IST" duration-ms="9941" status="PASS">
          <params>
            <param index="0">
              <value>
                <![CDATA[edge]]>
              </value>
            </param>
          </params>
          <reporter-output>
          </reporter-output>
        </test-method> <!-- setup -->
        <test-method signature="testSelectCityByIcon()[pri:0, instance:tests.CityTest@39fcbef6]" started-at="2025-08-30T17:37:34 IST" name="testSelectCityByIcon" finished-at="2025-08-30T17:37:35 IST" duration-ms="479" status="PASS">
          <reporter-output>
          </reporter-output>
        </test-method> <!-- testSelectCityByIcon -->
        <test-method is-config="true" signature="tearDown()[pri:0, instance:tests.CityTest@39fcbef6]" started-at="2025-08-30T17:37:35 IST" name="tearDown" finished-at="2025-08-30T17:37:35 IST" duration-ms="383" status="PASS">
          <reporter-output>
          </reporter-output>
        </test-method> <!-- tearDown -->
        <test-method is-config="true" signature="setup(java.lang.String)[pri:0, instance:tests.CityTest@39fcbef6]" started-at="2025-08-30T17:37:35 IST" name="setup" finished-at="2025-08-30T17:37:42 IST" duration-ms="6341" status="PASS">
          <params>
            <param index="0">
              <value>
                <![CDATA[edge]]>
              </value>
            </param>
          </params>
          <reporter-output>
          </reporter-output>
        </test-method> <!-- setup -->
        <test-method signature="testViewAllCities()[pri:0, instance:tests.CityTest@39fcbef6]" started-at="2025-08-30T17:37:42 IST" name="testViewAllCities" finished-at="2025-08-30T17:37:43 IST" duration-ms="1202" status="PASS">
          <reporter-output>
          </reporter-output>
        </test-method> <!-- testViewAllCities -->
        <test-method is-config="true" signature="tearDown()[pri:0, instance:tests.CityTest@39fcbef6]" started-at="2025-08-30T17:37:43 IST" name="tearDown" finished-at="2025-08-30T17:37:43 IST" duration-ms="409" status="PASS">
          <reporter-output>
          </reporter-output>
        </test-method> <!-- tearDown -->
      </class> <!-- tests.CityTest -->
      <class name="tests.MovieTest">
        <test-method is-config="true" signature="setup(java.lang.String)[pri:0, instance:tests.MovieTest@66565121]" started-at="2025-08-30T17:37:43 IST" name="setup" finished-at="2025-08-30T17:37:50 IST" duration-ms="6434" status="PASS">
          <params>
            <param index="0">
              <value>
                <![CDATA[edge]]>
              </value>
            </param>
          </params>
          <reporter-output>
          </reporter-output>
        </test-method> <!-- setup -->
        <test-method is-config="true" signature="setupPagesAndSelectCity()[pri:0, instance:tests.MovieTest@66565121]" started-at="2025-08-30T17:37:50 IST" name="setupPagesAndSelectCity" finished-at="2025-08-30T17:38:01 IST" duration-ms="11495" status="PASS">
          <reporter-output>
          </reporter-output>
        </test-method> <!-- setupPagesAndSelectCity -->
        <test-method signature="testMovie8SelectRunningMovie()[pri:0, instance:tests.MovieTest@66565121]" started-at="2025-08-30T17:38:01 IST" name="testMovie8SelectRunningMovie" finished-at="2025-08-30T17:38:04 IST" duration-ms="2338" status="PASS">
          <reporter-output>
          </reporter-output>
        </test-method> <!-- testMovie8SelectRunningMovie -->
        <test-method is-config="true" signature="tearDown()[pri:0, instance:tests.MovieTest@66565121]" started-at="2025-08-30T17:38:04 IST" name="tearDown" finished-at="2025-08-30T17:38:04 IST" duration-ms="642" status="PASS">
          <reporter-output>
          </reporter-output>
        </test-method> <!-- tearDown -->
        <test-method is-config="true" signature="setup(java.lang.String)[pri:0, instance:tests.MovieTest@66565121]" started-at="2025-08-30T17:38:04 IST" name="setup" finished-at="2025-08-30T17:38:11 IST" duration-ms="6515" status="PASS">
          <params>
            <param index="0">
              <value>
                <![CDATA[edge]]>
              </value>
            </param>
          </params>
          <reporter-output>
          </reporter-output>
        </test-method> <!-- setup -->
        <test-method is-config="true" signature="setupPagesAndSelectCity()[pri:0, instance:tests.MovieTest@66565121]" started-at="2025-08-30T17:38:11 IST" name="setupPagesAndSelectCity" finished-at="2025-08-30T17:38:23 IST" duration-ms="11790" status="PASS">
          <reporter-output>
          </reporter-output>
        </test-method> <!-- setupPagesAndSelectCity -->
        <test-method signature="testTopMenuNavigation()[pri:0, instance:tests.MovieTest@66565121]" started-at="2025-08-30T17:38:23 IST" name="testTopMenuNavigation" finished-at="2025-08-30T17:38:38 IST" duration-ms="15910" status="PASS">
          <reporter-output>
          </reporter-output>
        </test-method> <!-- testTopMenuNavigation -->
        <test-method is-config="true" signature="tearDown()[pri:0, instance:tests.MovieTest@66565121]" started-at="2025-08-30T17:38:38 IST" name="tearDown" finished-at="2025-08-30T17:38:39 IST" duration-ms="823" status="PASS">
          <reporter-output>
          </reporter-output>
        </test-method> <!-- tearDown -->
        <test-method is-config="true" signature="setup(java.lang.String)[pri:0, instance:tests.MovieTest@66565121]" started-at="2025-08-30T17:38:39 IST" name="setup" finished-at="2025-08-30T17:38:46 IST" duration-ms="6393" status="PASS">
          <params>
            <param index="0">
              <value>
                <![CDATA[edge]]>
              </value>
            </param>
          </params>
          <reporter-output>
          </reporter-output>
        </test-method> <!-- setup -->
        <test-method is-config="true" signature="setupPagesAndSelectCity()[pri:0, instance:tests.MovieTest@66565121]" started-at="2025-08-30T17:38:46 IST" name="setupPagesAndSelectCity" finished-at="2025-08-30T17:38:57 IST" duration-ms="11623" status="PASS">
          <reporter-output>
          </reporter-output>
        </test-method> <!-- setupPagesAndSelectCity -->
        <test-method signature="testUpcomingAndNowShowing()[pri:0, instance:tests.MovieTest@66565121]" started-at="2025-08-30T17:38:57 IST" name="testUpcomingAndNowShowing" finished-at="2025-08-30T17:39:00 IST" duration-ms="2664" status="PASS">
          <reporter-output>
          </reporter-output>
        </test-method> <!-- testUpcomingAndNowShowing -->
        <test-method is-config="true" signature="tearDown()[pri:0, instance:tests.MovieTest@66565121]" started-at="2025-08-30T17:39:00 IST" name="tearDown" finished-at="2025-08-30T17:39:02 IST" duration-ms="2143" status="PASS">
          <reporter-output>
          </reporter-output>
        </test-method> <!-- tearDown -->
      </class> <!-- tests.MovieTest -->
      <class name="tests.GiftCardTest">
        <test-method is-config="true" signature="setup(java.lang.String)[pri:0, instance:tests.GiftCardTest@2fc6f97f]" started-at="2025-08-30T17:39:02 IST" name="setup" finished-at="2025-08-30T17:39:08 IST" duration-ms="6338" status="PASS">
          <params>
            <param index="0">
              <value>
                <![CDATA[edge]]>
              </value>
            </param>
          </params>
          <reporter-output>
          </reporter-output>
        </test-method> <!-- setup -->
        <test-method is-config="true" signature="setupPagesAndSelectCity()[pri:0, instance:tests.GiftCardTest@2fc6f97f]" started-at="2025-08-30T17:39:08 IST" name="setupPagesAndSelectCity" finished-at="2025-08-30T17:39:20 IST" duration-ms="11412" status="PASS">
          <reporter-output>
          </reporter-output>
        </test-method> <!-- setupPagesAndSelectCity -->
        <test-method signature="testGiftCardSection()[pri:0, instance:tests.GiftCardTest@2fc6f97f]" started-at="2025-08-30T17:39:20 IST" name="testGiftCardSection" finished-at="2025-08-30T17:39:20 IST" duration-ms="326" status="PASS">
          <reporter-output>
          </reporter-output>
        </test-method> <!-- testGiftCardSection -->
        <test-method is-config="true" signature="tearDown()[pri:0, instance:tests.GiftCardTest@2fc6f97f]" started-at="2025-08-30T17:39:20 IST" name="tearDown" finished-at="2025-08-30T17:39:21 IST" duration-ms="541" status="PASS">
          <reporter-output>
          </reporter-output>
        </test-method> <!-- tearDown -->
        <test-method is-config="true" signature="setup(java.lang.String)[pri:0, instance:tests.GiftCardTest@2fc6f97f]" started-at="2025-08-30T17:39:21 IST" name="setup" finished-at="2025-08-30T17:39:23 IST" duration-ms="2362" status="PASS">
          <params>
            <param index="0">
              <value>
                <![CDATA[edge]]>
              </value>
            </param>
          </params>
          <reporter-output>
          </reporter-output>
        </test-method> <!-- setup -->
        <test-method is-config="true" signature="setupPagesAndSelectCity()[pri:0, instance:tests.GiftCardTest@2fc6f97f]" started-at="2025-08-30T17:39:23 IST" name="setupPagesAndSelectCity" finished-at="2025-08-30T17:39:38 IST" duration-ms="15333" status="PASS">
          <reporter-output>
          </reporter-output>
        </test-method> <!-- setupPagesAndSelectCity -->
        <test-method signature="testInvalidGiftVoucher()[pri:0, instance:tests.GiftCardTest@2fc6f97f]" started-at="2025-08-30T17:39:38 IST" name="testInvalidGiftVoucher" finished-at="2025-08-30T17:39:41 IST" duration-ms="2365" status="PASS">
          <reporter-output>
          </reporter-output>
        </test-method> <!-- testInvalidGiftVoucher -->
        <test-method is-config="true" signature="tearDown()[pri:0, instance:tests.GiftCardTest@2fc6f97f]" started-at="2025-08-30T17:39:41 IST" name="tearDown" finished-at="2025-08-30T17:39:42 IST" duration-ms="1621" status="PASS">
          <reporter-output>
          </reporter-output>
        </test-method> <!-- tearDown -->
      </class> <!-- tests.GiftCardTest -->
    </test> <!-- Edge Tests -->
    <test started-at="2025-08-30T17:35:33 IST" name="Chrome Tests" finished-at="2025-08-30T17:39:48 IST" duration-ms="254381">
      <class name="tests.LoginTest">
        <test-method is-config="true" signature="setup(java.lang.String)[pri:0, instance:tests.LoginTest@645aa696]" started-at="2025-08-30T17:35:33 IST" name="setup" finished-at="2025-08-30T17:35:39 IST" duration-ms="5590" status="PASS">
          <params>
            <param index="0">
              <value>
                <![CDATA[chrome]]>
              </value>
            </param>
          </params>
          <reporter-output>
          </reporter-output>
        </test-method> <!-- setup -->
        <test-method is-config="true" signature="setupPagesAndSelectCity()[pri:0, instance:tests.LoginTest@645aa696]" started-at="2025-08-30T17:35:39 IST" name="setupPagesAndSelectCity" finished-at="2025-08-30T17:35:55 IST" duration-ms="15777" status="PASS">
          <reporter-output>
          </reporter-output>
        </test-method> <!-- setupPagesAndSelectCity -->
        <test-method signature="testLoginUIElements()[pri:0, instance:tests.LoginTest@645aa696]" started-at="2025-08-30T17:35:55 IST" name="testLoginUIElements" finished-at="2025-08-30T17:35:57 IST" duration-ms="1946" status="PASS">
          <reporter-output>
          </reporter-output>
        </test-method> <!-- testLoginUIElements -->
        <test-method is-config="true" signature="tearDown()[pri:0, instance:tests.LoginTest@645aa696]" started-at="2025-08-30T17:35:57 IST" name="tearDown" finished-at="2025-08-30T17:35:57 IST" duration-ms="336" status="PASS">
          <reporter-output>
          </reporter-output>
        </test-method> <!-- tearDown -->
        <test-method is-config="true" signature="setup(java.lang.String)[pri:0, instance:tests.LoginTest@645aa696]" started-at="2025-08-30T17:35:57 IST" name="setup" finished-at="2025-08-30T17:36:04 IST" duration-ms="6749" status="PASS">
          <params>
            <param index="0">
              <value>
                <![CDATA[chrome]]>
              </value>
            </param>
          </params>
          <reporter-output>
          </reporter-output>
        </test-method> <!-- setup -->
        <test-method is-config="true" signature="setupPagesAndSelectCity()[pri:0, instance:tests.LoginTest@645aa696]" started-at="2025-08-30T17:36:04 IST" name="setupPagesAndSelectCity" finished-at="2025-08-30T17:36:15 IST" duration-ms="11580" status="PASS">
          <reporter-output>
          </reporter-output>
        </test-method> <!-- setupPagesAndSelectCity -->
        <test-method signature="testLoginWithInvalidMobile()[pri:0, instance:tests.LoginTest@645aa696]" started-at="2025-08-30T17:36:15 IST" name="testLoginWithInvalidMobile" finished-at="2025-08-30T17:36:18 IST" duration-ms="2684" status="PASS">
          <reporter-output>
          </reporter-output>
        </test-method> <!-- testLoginWithInvalidMobile -->
        <test-method is-config="true" signature="tearDown()[pri:0, instance:tests.LoginTest@645aa696]" started-at="2025-08-30T17:36:18 IST" name="tearDown" finished-at="2025-08-30T17:36:19 IST" duration-ms="637" status="PASS">
          <reporter-output>
          </reporter-output>
        </test-method> <!-- tearDown -->
        <test-method is-config="true" signature="setup(java.lang.String)[pri:0, instance:tests.LoginTest@645aa696]" started-at="2025-08-30T17:36:19 IST" name="setup" finished-at="2025-08-30T17:36:22 IST" duration-ms="3082" status="PASS">
          <params>
            <param index="0">
              <value>
                <![CDATA[chrome]]>
              </value>
            </param>
          </params>
          <reporter-output>
          </reporter-output>
        </test-method> <!-- setup -->
        <test-method is-config="true" signature="setupPagesAndSelectCity()[pri:0, instance:tests.LoginTest@645aa696]" started-at="2025-08-30T17:36:22 IST" name="setupPagesAndSelectCity" finished-at="2025-08-30T17:36:38 IST" duration-ms="16433" status="PASS">
          <reporter-output>
          </reporter-output>
        </test-method> <!-- setupPagesAndSelectCity -->
        <test-method signature="testLoginWithValidMobile()[pri:0, instance:tests.LoginTest@645aa696]" started-at="2025-08-30T17:36:38 IST" name="testLoginWithValidMobile" finished-at="2025-08-30T17:36:42 IST" duration-ms="3519" status="PASS">
          <reporter-output>
          </reporter-output>
        </test-method> <!-- testLoginWithValidMobile -->
        <test-method is-config="true" signature="tearDown()[pri:0, instance:tests.LoginTest@645aa696]" started-at="2025-08-30T17:36:42 IST" name="tearDown" finished-at="2025-08-30T17:36:42 IST" duration-ms="514" status="PASS">
          <reporter-output>
          </reporter-output>
        </test-method> <!-- tearDown -->
      </class> <!-- tests.LoginTest -->
      <class name="tests.CityTest">
        <test-method is-config="true" signature="setup(java.lang.String)[pri:0, instance:tests.CityTest@7a5ceedd]" started-at="2025-08-30T17:36:42 IST" name="setup" finished-at="2025-08-30T17:36:49 IST" duration-ms="6857" status="PASS">
          <params>
            <param index="0">
              <value>
                <![CDATA[chrome]]>
              </value>
            </param>
          </params>
          <reporter-output>
          </reporter-output>
        </test-method> <!-- setup -->
        <test-method signature="testChangeLocation()[pri:0, instance:tests.CityTest@7a5ceedd]" started-at="2025-08-30T17:36:49 IST" name="testChangeLocation" finished-at="2025-08-30T17:37:01 IST" duration-ms="12480" status="PASS">
          <reporter-output>
          </reporter-output>
        </test-method> <!-- testChangeLocation -->
        <test-method is-config="true" signature="tearDown()[pri:0, instance:tests.CityTest@7a5ceedd]" started-at="2025-08-30T17:37:01 IST" name="tearDown" finished-at="2025-08-30T17:37:02 IST" duration-ms="942" status="PASS">
          <reporter-output>
          </reporter-output>
        </test-method> <!-- tearDown -->
        <test-method is-config="true" signature="setup(java.lang.String)[pri:0, instance:tests.CityTest@7a5ceedd]" started-at="2025-08-30T17:37:02 IST" name="setup" finished-at="2025-08-30T17:37:11 IST" duration-ms="8287" status="PASS">
          <params>
            <param index="0">
              <value>
                <![CDATA[chrome]]>
              </value>
            </param>
          </params>
          <reporter-output>
          </reporter-output>
        </test-method> <!-- setup -->
        <test-method signature="testSearchAndSelectCity()[pri:0, instance:tests.CityTest@7a5ceedd]" started-at="2025-08-30T17:37:11 IST" name="testSearchAndSelectCity" finished-at="2025-08-30T17:37:22 IST" duration-ms="11670" status="PASS">
          <reporter-output>
          </reporter-output>
        </test-method> <!-- testSearchAndSelectCity -->
        <test-method is-config="true" signature="tearDown()[pri:0, instance:tests.CityTest@7a5ceedd]" started-at="2025-08-30T17:37:22 IST" name="tearDown" finished-at="2025-08-30T17:37:23 IST" duration-ms="387" status="PASS">
          <reporter-output>
          </reporter-output>
        </test-method> <!-- tearDown -->
        <test-method is-config="true" signature="setup(java.lang.String)[pri:0, instance:tests.CityTest@7a5ceedd]" started-at="2025-08-30T17:37:23 IST" name="setup" finished-at="2025-08-30T17:37:26 IST" duration-ms="3278" status="PASS">
          <params>
            <param index="0">
              <value>
                <![CDATA[chrome]]>
              </value>
            </param>
          </params>
          <reporter-output>
          </reporter-output>
        </test-method> <!-- setup -->
        <test-method signature="testSelectCityByIcon()[pri:0, instance:tests.CityTest@7a5ceedd]" started-at="2025-08-30T17:37:26 IST" name="testSelectCityByIcon" finished-at="2025-08-30T17:37:31 IST" duration-ms="5415" status="PASS">
          <reporter-output>
          </reporter-output>
        </test-method> <!-- testSelectCityByIcon -->
        <test-method is-config="true" signature="tearDown()[pri:0, instance:tests.CityTest@7a5ceedd]" started-at="2025-08-30T17:37:31 IST" name="tearDown" finished-at="2025-08-30T17:37:32 IST" duration-ms="735" status="PASS">
          <reporter-output>
          </reporter-output>
        </test-method> <!-- tearDown -->
        <test-method is-config="true" signature="setup(java.lang.String)[pri:0, instance:tests.CityTest@7a5ceedd]" started-at="2025-08-30T17:37:32 IST" name="setup" finished-at="2025-08-30T17:37:39 IST" duration-ms="6409" status="PASS">
          <params>
            <param index="0">
              <value>
                <![CDATA[chrome]]>
              </value>
            </param>
          </params>
          <reporter-output>
          </reporter-output>
        </test-method> <!-- setup -->
        <test-method signature="testViewAllCities()[pri:0, instance:tests.CityTest@7a5ceedd]" started-at="2025-08-30T17:37:39 IST" name="testViewAllCities" finished-at="2025-08-30T17:37:40 IST" duration-ms="1178" status="PASS">
          <reporter-output>
          </reporter-output>
        </test-method> <!-- testViewAllCities -->
        <test-method is-config="true" signature="tearDown()[pri:0, instance:tests.CityTest@7a5ceedd]" started-at="2025-08-30T17:37:40 IST" name="tearDown" finished-at="2025-08-30T17:37:40 IST" duration-ms="383" status="PASS">
          <reporter-output>
          </reporter-output>
        </test-method> <!-- tearDown -->
      </class> <!-- tests.CityTest -->
      <class name="tests.MovieTest">
        <test-method is-config="true" signature="setup(java.lang.String)[pri:0, instance:tests.MovieTest@4201c465]" started-at="2025-08-30T17:37:40 IST" name="setup" finished-at="2025-08-30T17:37:46 IST" duration-ms="5806" status="PASS">
          <params>
            <param index="0">
              <value>
                <![CDATA[chrome]]>
              </value>
            </param>
          </params>
          <reporter-output>
          </reporter-output>
        </test-method> <!-- setup -->
        <test-method is-config="true" signature="setupPagesAndSelectCity()[pri:0, instance:tests.MovieTest@4201c465]" started-at="2025-08-30T17:37:46 IST" name="setupPagesAndSelectCity" finished-at="2025-08-30T17:37:58 IST" duration-ms="11705" status="PASS">
          <reporter-output>
          </reporter-output>
        </test-method> <!-- setupPagesAndSelectCity -->
        <test-method signature="testMovie8SelectRunningMovie()[pri:0, instance:tests.MovieTest@4201c465]" started-at="2025-08-30T17:37:58 IST" name="testMovie8SelectRunningMovie" finished-at="2025-08-30T17:38:05 IST" duration-ms="7584" status="PASS">
          <reporter-output>
          </reporter-output>
        </test-method> <!-- testMovie8SelectRunningMovie -->
        <test-method is-config="true" signature="tearDown()[pri:0, instance:tests.MovieTest@4201c465]" started-at="2025-08-30T17:38:05 IST" name="tearDown" finished-at="2025-08-30T17:38:07 IST" duration-ms="1450" status="PASS">
          <reporter-output>
          </reporter-output>
        </test-method> <!-- tearDown -->
        <test-method is-config="true" signature="setup(java.lang.String)[pri:0, instance:tests.MovieTest@4201c465]" started-at="2025-08-30T17:38:07 IST" name="setup" finished-at="2025-08-30T17:38:15 IST" duration-ms="8179" status="PASS">
          <params>
            <param index="0">
              <value>
                <![CDATA[chrome]]>
              </value>
            </param>
          </params>
          <reporter-output>
          </reporter-output>
        </test-method> <!-- setup -->
        <test-method is-config="true" signature="setupPagesAndSelectCity()[pri:0, instance:tests.MovieTest@4201c465]" started-at="2025-08-30T17:38:15 IST" name="setupPagesAndSelectCity" finished-at="2025-08-30T17:38:26 IST" duration-ms="11605" status="PASS">
          <reporter-output>
          </reporter-output>
        </test-method> <!-- setupPagesAndSelectCity -->
        <test-method signature="testTopMenuNavigation()[pri:0, instance:tests.MovieTest@4201c465]" started-at="2025-08-30T17:38:26 IST" name="testTopMenuNavigation" finished-at="2025-08-30T17:38:46 IST" duration-ms="19157" status="PASS">
          <reporter-output>
          </reporter-output>
        </test-method> <!-- testTopMenuNavigation -->
        <test-method is-config="true" signature="tearDown()[pri:0, instance:tests.MovieTest@4201c465]" started-at="2025-08-30T17:38:46 IST" name="tearDown" finished-at="2025-08-30T17:38:46 IST" duration-ms="423" status="PASS">
          <reporter-output>
          </reporter-output>
        </test-method> <!-- tearDown -->
        <test-method is-config="true" signature="setup(java.lang.String)[pri:0, instance:tests.MovieTest@4201c465]" started-at="2025-08-30T17:38:46 IST" name="setup" finished-at="2025-08-30T17:38:52 IST" duration-ms="5869" status="PASS">
          <params>
            <param index="0">
              <value>
                <![CDATA[chrome]]>
              </value>
            </param>
          </params>
          <reporter-output>
          </reporter-output>
        </test-method> <!-- setup -->
        <test-method is-config="true" signature="setupPagesAndSelectCity()[pri:0, instance:tests.MovieTest@4201c465]" started-at="2025-08-30T17:38:52 IST" name="setupPagesAndSelectCity" finished-at="2025-08-30T17:39:03 IST" duration-ms="11588" status="PASS">
          <reporter-output>
          </reporter-output>
        </test-method> <!-- setupPagesAndSelectCity -->
        <test-method signature="testUpcomingAndNowShowing()[pri:0, instance:tests.MovieTest@4201c465]" started-at="2025-08-30T17:39:03 IST" name="testUpcomingAndNowShowing" finished-at="2025-08-30T17:39:07 IST" duration-ms="3802" status="PASS">
          <reporter-output>
          </reporter-output>
        </test-method> <!-- testUpcomingAndNowShowing -->
        <test-method is-config="true" signature="tearDown()[pri:0, instance:tests.MovieTest@4201c465]" started-at="2025-08-30T17:39:07 IST" name="tearDown" finished-at="2025-08-30T17:39:08 IST" duration-ms="712" status="PASS">
          <reporter-output>
          </reporter-output>
        </test-method> <!-- tearDown -->
      </class> <!-- tests.MovieTest -->
      <class name="tests.GiftCardTest">
        <test-method is-config="true" signature="setup(java.lang.String)[pri:0, instance:tests.GiftCardTest@6cb107fd]" started-at="2025-08-30T17:39:08 IST" name="setup" finished-at="2025-08-30T17:39:14 IST" duration-ms="5769" status="PASS">
          <params>
            <param index="0">
              <value>
                <![CDATA[chrome]]>
              </value>
            </param>
          </params>
          <reporter-output>
          </reporter-output>
        </test-method> <!-- setup -->
        <test-method is-config="true" signature="setupPagesAndSelectCity()[pri:0, instance:tests.GiftCardTest@6cb107fd]" started-at="2025-08-30T17:39:14 IST" name="setupPagesAndSelectCity" finished-at="2025-08-30T17:39:25 IST" duration-ms="11614" status="PASS">
          <reporter-output>
          </reporter-output>
        </test-method> <!-- setupPagesAndSelectCity -->
        <test-method signature="testGiftCardSection()[pri:0, instance:tests.GiftCardTest@6cb107fd]" started-at="2025-08-30T17:39:25 IST" name="testGiftCardSection" finished-at="2025-08-30T17:39:27 IST" duration-ms="1489" status="PASS">
          <reporter-output>
          </reporter-output>
        </test-method> <!-- testGiftCardSection -->
        <test-method is-config="true" signature="tearDown()[pri:0, instance:tests.GiftCardTest@6cb107fd]" started-at="2025-08-30T17:39:27 IST" name="tearDown" finished-at="2025-08-30T17:39:28 IST" duration-ms="1329" status="PASS">
          <reporter-output>
          </reporter-output>
        </test-method> <!-- tearDown -->
        <test-method is-config="true" signature="setup(java.lang.String)[pri:0, instance:tests.GiftCardTest@6cb107fd]" started-at="2025-08-30T17:39:28 IST" name="setup" finished-at="2025-08-30T17:39:35 IST" duration-ms="6556" status="PASS">
          <params>
            <param index="0">
              <value>
                <![CDATA[chrome]]>
              </value>
            </param>
          </params>
          <reporter-output>
          </reporter-output>
        </test-method> <!-- setup -->
        <test-method is-config="true" signature="setupPagesAndSelectCity()[pri:0, instance:tests.GiftCardTest@6cb107fd]" started-at="2025-08-30T17:39:35 IST" name="setupPagesAndSelectCity" finished-at="2025-08-30T17:39:46 IST" duration-ms="11397" status="PASS">
          <reporter-output>
          </reporter-output>
        </test-method> <!-- setupPagesAndSelectCity -->
        <test-method signature="testInvalidGiftVoucher()[pri:0, instance:tests.GiftCardTest@6cb107fd]" started-at="2025-08-30T17:39:46 IST" name="testInvalidGiftVoucher" finished-at="2025-08-30T17:39:47 IST" duration-ms="1096" status="PASS">
          <reporter-output>
          </reporter-output>
        </test-method> <!-- testInvalidGiftVoucher -->
        <test-method is-config="true" signature="tearDown()[pri:0, instance:tests.GiftCardTest@6cb107fd]" started-at="2025-08-30T17:39:47 IST" name="tearDown" finished-at="2025-08-30T17:39:48 IST" duration-ms="256" status="PASS">
          <reporter-output>
          </reporter-output>
        </test-method> <!-- tearDown -->
      </class> <!-- tests.GiftCardTest -->
    </test> <!-- Chrome Tests -->
    <test started-at="2025-08-30T17:35:33 IST" name="Firefox Tests" finished-at="2025-08-30T17:40:39 IST" duration-ms="305459">
      <class name="tests.LoginTest">
        <test-method is-config="true" signature="setup(java.lang.String)[pri:0, instance:tests.LoginTest@46268f08]" started-at="2025-08-30T17:35:33 IST" name="setup" finished-at="2025-08-30T17:35:52 IST" duration-ms="18984" status="PASS">
          <params>
            <param index="0">
              <value>
                <![CDATA[firefox]]>
              </value>
            </param>
          </params>
          <reporter-output>
          </reporter-output>
        </test-method> <!-- setup -->
        <test-method is-config="true" signature="setupPagesAndSelectCity()[pri:0, instance:tests.LoginTest@46268f08]" started-at="2025-08-30T17:35:52 IST" name="setupPagesAndSelectCity" finished-at="2025-08-30T17:36:04 IST" duration-ms="11427" status="PASS">
          <reporter-output>
          </reporter-output>
        </test-method> <!-- setupPagesAndSelectCity -->
        <test-method signature="testLoginUIElements()[pri:0, instance:tests.LoginTest@46268f08]" started-at="2025-08-30T17:36:04 IST" name="testLoginUIElements" finished-at="2025-08-30T17:36:05 IST" duration-ms="1317" status="PASS">
          <reporter-output>
          </reporter-output>
        </test-method> <!-- testLoginUIElements -->
        <test-method is-config="true" signature="tearDown()[pri:0, instance:tests.LoginTest@46268f08]" started-at="2025-08-30T17:36:05 IST" name="tearDown" finished-at="2025-08-30T17:36:07 IST" duration-ms="2093" status="PASS">
          <reporter-output>
          </reporter-output>
        </test-method> <!-- tearDown -->
        <test-method is-config="true" signature="setup(java.lang.String)[pri:0, instance:tests.LoginTest@46268f08]" started-at="2025-08-30T17:36:07 IST" name="setup" finished-at="2025-08-30T17:36:17 IST" duration-ms="9889" status="PASS">
          <params>
            <param index="0">
              <value>
                <![CDATA[firefox]]>
              </value>
            </param>
          </params>
          <reporter-output>
          </reporter-output>
        </test-method> <!-- setup -->
        <test-method is-config="true" signature="setupPagesAndSelectCity()[pri:0, instance:tests.LoginTest@46268f08]" started-at="2025-08-30T17:36:17 IST" name="setupPagesAndSelectCity" finished-at="2025-08-30T17:36:28 IST" duration-ms="11486" status="PASS">
          <reporter-output>
          </reporter-output>
        </test-method> <!-- setupPagesAndSelectCity -->
        <test-method signature="testLoginWithInvalidMobile()[pri:0, instance:tests.LoginTest@46268f08]" started-at="2025-08-30T17:36:28 IST" name="testLoginWithInvalidMobile" finished-at="2025-08-30T17:36:30 IST" duration-ms="1202" status="PASS">
          <reporter-output>
          </reporter-output>
        </test-method> <!-- testLoginWithInvalidMobile -->
        <test-method is-config="true" signature="tearDown()[pri:0, instance:tests.LoginTest@46268f08]" started-at="2025-08-30T17:36:30 IST" name="tearDown" finished-at="2025-08-30T17:36:31 IST" duration-ms="1398" status="PASS">
          <reporter-output>
          </reporter-output>
        </test-method> <!-- tearDown -->
        <test-method is-config="true" signature="setup(java.lang.String)[pri:0, instance:tests.LoginTest@46268f08]" started-at="2025-08-30T17:36:31 IST" name="setup" finished-at="2025-08-30T17:36:40 IST" duration-ms="9472" status="PASS">
          <params>
            <param index="0">
              <value>
                <![CDATA[firefox]]>
              </value>
            </param>
          </params>
          <reporter-output>
          </reporter-output>
        </test-method> <!-- setup -->
        <test-method is-config="true" signature="setupPagesAndSelectCity()[pri:0, instance:tests.LoginTest@46268f08]" started-at="2025-08-30T17:36:40 IST" name="setupPagesAndSelectCity" finished-at="2025-08-30T17:36:52 IST" duration-ms="11515" status="PASS">
          <reporter-output>
          </reporter-output>
        </test-method> <!-- setupPagesAndSelectCity -->
        <test-method signature="testLoginWithValidMobile()[pri:0, instance:tests.LoginTest@46268f08]" started-at="2025-08-30T17:36:52 IST" name="testLoginWithValidMobile" finished-at="2025-08-30T17:36:53 IST" duration-ms="1242" status="PASS">
          <reporter-output>
          </reporter-output>
        </test-method> <!-- testLoginWithValidMobile -->
        <test-method is-config="true" signature="tearDown()[pri:0, instance:tests.LoginTest@46268f08]" started-at="2025-08-30T17:36:53 IST" name="tearDown" finished-at="2025-08-30T17:36:55 IST" duration-ms="1327" status="PASS">
          <reporter-output>
          </reporter-output>
        </test-method> <!-- tearDown -->
      </class> <!-- tests.LoginTest -->
      <class name="tests.CityTest">
        <test-method is-config="true" signature="setup(java.lang.String)[pri:0, instance:tests.CityTest@2a76840c]" started-at="2025-08-30T17:36:55 IST" name="setup" finished-at="2025-08-30T17:37:06 IST" duration-ms="11343" status="PASS">
          <params>
            <param index="0">
              <value>
                <![CDATA[firefox]]>
              </value>
            </param>
          </params>
          <reporter-output>
          </reporter-output>
        </test-method> <!-- setup -->
        <test-method signature="testChangeLocation()[pri:0, instance:tests.CityTest@2a76840c]" started-at="2025-08-30T17:37:06 IST" name="testChangeLocation" finished-at="2025-08-30T17:37:18 IST" duration-ms="12467" status="PASS">
          <reporter-output>
          </reporter-output>
        </test-method> <!-- testChangeLocation -->
        <test-method is-config="true" signature="tearDown()[pri:0, instance:tests.CityTest@2a76840c]" started-at="2025-08-30T17:37:18 IST" name="tearDown" finished-at="2025-08-30T17:37:20 IST" duration-ms="1511" status="PASS">
          <reporter-output>
          </reporter-output>
        </test-method> <!-- tearDown -->
        <test-method is-config="true" signature="setup(java.lang.String)[pri:0, instance:tests.CityTest@2a76840c]" started-at="2025-08-30T17:37:20 IST" name="setup" finished-at="2025-08-30T17:37:31 IST" duration-ms="10638" status="PASS">
          <params>
            <param index="0">
              <value>
                <![CDATA[firefox]]>
              </value>
            </param>
          </params>
          <reporter-output>
          </reporter-output>
        </test-method> <!-- setup -->
        <test-method signature="testSearchAndSelectCity()[pri:0, instance:tests.CityTest@2a76840c]" started-at="2025-08-30T17:37:31 IST" name="testSearchAndSelectCity" finished-at="2025-08-30T17:37:42 IST" duration-ms="11928" status="PASS">
          <reporter-output>
          </reporter-output>
        </test-method> <!-- testSearchAndSelectCity -->
        <test-method is-config="true" signature="tearDown()[pri:0, instance:tests.CityTest@2a76840c]" started-at="2025-08-30T17:37:42 IST" name="tearDown" finished-at="2025-08-30T17:37:45 IST" duration-ms="2070" status="PASS">
          <reporter-output>
          </reporter-output>
        </test-method> <!-- tearDown -->
        <test-method is-config="true" signature="setup(java.lang.String)[pri:0, instance:tests.CityTest@2a76840c]" started-at="2025-08-30T17:37:45 IST" name="setup" finished-at="2025-08-30T17:37:58 IST" duration-ms="13515" status="PASS">
          <params>
            <param index="0">
              <value>
                <![CDATA[firefox]]>
              </value>
            </param>
          </params>
          <reporter-output>
          </reporter-output>
        </test-method> <!-- setup -->
        <test-method signature="testSelectCityByIcon()[pri:0, instance:tests.CityTest@2a76840c]" started-at="2025-08-30T17:37:58 IST" name="testSelectCityByIcon" finished-at="2025-08-30T17:37:59 IST" duration-ms="597" status="PASS">
          <reporter-output>
          </reporter-output>
        </test-method> <!-- testSelectCityByIcon -->
        <test-method is-config="true" signature="tearDown()[pri:0, instance:tests.CityTest@2a76840c]" started-at="2025-08-30T17:37:59 IST" name="tearDown" finished-at="2025-08-30T17:38:03 IST" duration-ms="4037" status="PASS">
          <reporter-output>
          </reporter-output>
        </test-method> <!-- tearDown -->
        <test-method is-config="true" signature="setup(java.lang.String)[pri:0, instance:tests.CityTest@2a76840c]" started-at="2025-08-30T17:38:03 IST" name="setup" finished-at="2025-08-30T17:38:20 IST" duration-ms="17075" status="PASS">
          <params>
            <param index="0">
              <value>
                <![CDATA[firefox]]>
              </value>
            </param>
          </params>
          <reporter-output>
          </reporter-output>
        </test-method> <!-- setup -->
        <test-method signature="testViewAllCities()[pri:0, instance:tests.CityTest@2a76840c]" started-at="2025-08-30T17:38:20 IST" name="testViewAllCities" finished-at="2025-08-30T17:38:21 IST" duration-ms="1025" status="PASS">
          <reporter-output>
          </reporter-output>
        </test-method> <!-- testViewAllCities -->
        <test-method is-config="true" signature="tearDown()[pri:0, instance:tests.CityTest@2a76840c]" started-at="2025-08-30T17:38:21 IST" name="tearDown" finished-at="2025-08-30T17:38:22 IST" duration-ms="1715" status="PASS">
          <reporter-output>
          </reporter-output>
        </test-method> <!-- tearDown -->
      </class> <!-- tests.CityTest -->
      <class name="tests.MovieTest">
        <test-method is-config="true" signature="setup(java.lang.String)[pri:0, instance:tests.MovieTest@71454b9d]" started-at="2025-08-30T17:38:22 IST" name="setup" finished-at="2025-08-30T17:38:36 IST" duration-ms="13428" status="PASS">
          <params>
            <param index="0">
              <value>
                <![CDATA[firefox]]>
              </value>
            </param>
          </params>
          <reporter-output>
          </reporter-output>
        </test-method> <!-- setup -->
        <test-method is-config="true" signature="setupPagesAndSelectCity()[pri:0, instance:tests.MovieTest@71454b9d]" started-at="2025-08-30T17:38:36 IST" name="setupPagesAndSelectCity" finished-at="2025-08-30T17:38:48 IST" duration-ms="11876" status="PASS">
          <reporter-output>
          </reporter-output>
        </test-method> <!-- setupPagesAndSelectCity -->
        <test-method signature="testMovie8SelectRunningMovie()[pri:0, instance:tests.MovieTest@71454b9d]" started-at="2025-08-30T17:38:48 IST" name="testMovie8SelectRunningMovie" finished-at="2025-08-30T17:38:50 IST" duration-ms="2691" status="PASS">
          <reporter-output>
          </reporter-output>
        </test-method> <!-- testMovie8SelectRunningMovie -->
        <test-method is-config="true" signature="tearDown()[pri:0, instance:tests.MovieTest@71454b9d]" started-at="2025-08-30T17:38:50 IST" name="tearDown" finished-at="2025-08-30T17:38:53 IST" duration-ms="2096" status="PASS">
          <reporter-output>
          </reporter-output>
        </test-method> <!-- tearDown -->
        <test-method is-config="true" signature="setup(java.lang.String)[pri:0, instance:tests.MovieTest@71454b9d]" started-at="2025-08-30T17:38:53 IST" name="setup" finished-at="2025-08-30T17:39:03 IST" duration-ms="10009" status="PASS">
          <params>
            <param index="0">
              <value>
                <![CDATA[firefox]]>
              </value>
            </param>
          </params>
          <reporter-output>
          </reporter-output>
        </test-method> <!-- setup -->
        <test-method is-config="true" signature="setupPagesAndSelectCity()[pri:0, instance:tests.MovieTest@71454b9d]" started-at="2025-08-30T17:39:03 IST" name="setupPagesAndSelectCity" finished-at="2025-08-30T17:39:14 IST" duration-ms="11613" status="PASS">
          <reporter-output>
          </reporter-output>
        </test-method> <!-- setupPagesAndSelectCity -->
        <test-method signature="testTopMenuNavigation()[pri:0, instance:tests.MovieTest@71454b9d]" started-at="2025-08-30T17:39:14 IST" name="testTopMenuNavigation" finished-at="2025-08-30T17:39:32 IST" duration-ms="18054" status="PASS">
          <reporter-output>
          </reporter-output>
        </test-method> <!-- testTopMenuNavigation -->
        <test-method is-config="true" signature="tearDown()[pri:0, instance:tests.MovieTest@71454b9d]" started-at="2025-08-30T17:39:32 IST" name="tearDown" finished-at="2025-08-30T17:39:35 IST" duration-ms="2843" status="PASS">
          <reporter-output>
          </reporter-output>
        </test-method> <!-- tearDown -->
        <test-method is-config="true" signature="setup(java.lang.String)[pri:0, instance:tests.MovieTest@71454b9d]" started-at="2025-08-30T17:39:35 IST" name="setup" finished-at="2025-08-30T17:39:45 IST" duration-ms="9477" status="PASS">
          <params>
            <param index="0">
              <value>
                <![CDATA[firefox]]>
              </value>
            </param>
          </params>
          <reporter-output>
          </reporter-output>
        </test-method> <!-- setup -->
        <test-method is-config="true" signature="setupPagesAndSelectCity()[pri:0, instance:tests.MovieTest@71454b9d]" started-at="2025-08-30T17:39:45 IST" name="setupPagesAndSelectCity" finished-at="2025-08-30T17:39:56 IST" duration-ms="11510" status="PASS">
          <reporter-output>
          </reporter-output>
        </test-method> <!-- setupPagesAndSelectCity -->
        <test-method signature="testUpcomingAndNowShowing()[pri:0, instance:tests.MovieTest@71454b9d]" started-at="2025-08-30T17:39:56 IST" name="testUpcomingAndNowShowing" finished-at="2025-08-30T17:39:58 IST" duration-ms="2180" status="PASS">
          <reporter-output>
          </reporter-output>
        </test-method> <!-- testUpcomingAndNowShowing -->
        <test-method is-config="true" signature="tearDown()[pri:0, instance:tests.MovieTest@71454b9d]" started-at="2025-08-30T17:39:58 IST" name="tearDown" finished-at="2025-08-30T17:40:00 IST" duration-ms="1260" status="PASS">
          <reporter-output>
          </reporter-output>
        </test-method> <!-- tearDown -->
      </class> <!-- tests.MovieTest -->
      <class name="tests.GiftCardTest">
        <test-method is-config="true" signature="setup(java.lang.String)[pri:0, instance:tests.GiftCardTest@eda25e5]" started-at="2025-08-30T17:40:00 IST" name="setup" finished-at="2025-08-30T17:40:07 IST" duration-ms="7178" status="PASS">
          <params>
            <param index="0">
              <value>
                <![CDATA[firefox]]>
              </value>
            </param>
          </params>
          <reporter-output>
          </reporter-output>
        </test-method> <!-- setup -->
        <test-method is-config="true" signature="setupPagesAndSelectCity()[pri:0, instance:tests.GiftCardTest@eda25e5]" started-at="2025-08-30T17:40:07 IST" name="setupPagesAndSelectCity" finished-at="2025-08-30T17:40:18 IST" duration-ms="11320" status="PASS">
          <reporter-output>
          </reporter-output>
        </test-method> <!-- setupPagesAndSelectCity -->
        <test-method signature="testGiftCardSection()[pri:0, instance:tests.GiftCardTest@eda25e5]" started-at="2025-08-30T17:40:18 IST" name="testGiftCardSection" finished-at="2025-08-30T17:40:18 IST" duration-ms="187" status="PASS">
          <reporter-output>
          </reporter-output>
        </test-method> <!-- testGiftCardSection -->
        <test-method is-config="true" signature="tearDown()[pri:0, instance:tests.GiftCardTest@eda25e5]" started-at="2025-08-30T17:40:18 IST" name="tearDown" finished-at="2025-08-30T17:40:19 IST" duration-ms="877" status="PASS">
          <reporter-output>
          </reporter-output>
        </test-method> <!-- tearDown -->
        <test-method is-config="true" signature="setup(java.lang.String)[pri:0, instance:tests.GiftCardTest@eda25e5]" started-at="2025-08-30T17:40:19 IST" name="setup" finished-at="2025-08-30T17:40:26 IST" duration-ms="6397" status="PASS">
          <params>
            <param index="0">
              <value>
                <![CDATA[firefox]]>
              </value>
            </param>
          </params>
          <reporter-output>
          </reporter-output>
        </test-method> <!-- setup -->
        <test-method is-config="true" signature="setupPagesAndSelectCity()[pri:0, instance:tests.GiftCardTest@eda25e5]" started-at="2025-08-30T17:40:26 IST" name="setupPagesAndSelectCity" finished-at="2025-08-30T17:40:37 IST" duration-ms="11280" status="PASS">
          <reporter-output>
          </reporter-output>
        </test-method> <!-- setupPagesAndSelectCity -->
        <test-method signature="testInvalidGiftVoucher()[pri:0, instance:tests.GiftCardTest@eda25e5]" started-at="2025-08-30T17:40:37 IST" name="testInvalidGiftVoucher" finished-at="2025-08-30T17:40:38 IST" duration-ms="879" status="PASS">
          <reporter-output>
          </reporter-output>
        </test-method> <!-- testInvalidGiftVoucher -->
        <test-method is-config="true" signature="tearDown()[pri:0, instance:tests.GiftCardTest@eda25e5]" started-at="2025-08-30T17:40:38 IST" name="tearDown" finished-at="2025-08-30T17:40:39 IST" duration-ms="916" status="PASS">
          <reporter-output>
          </reporter-output>
        </test-method> <!-- tearDown -->
      </class> <!-- tests.GiftCardTest -->
    </test> <!-- Firefox Tests -->
  </suite> <!-- Regression Suite -->
</testng-results>
