<?xml version="1.0" encoding="UTF-8"?>
<!-- Generated by org.testng.reporters.JUnitXMLReporter -->
<testsuite ignored="0" hostname="Nandemonaiya" failures="0" tests="12" name="All Tests" time="153.307" errors="0" timestamp="2025-08-28T23:16:45 IST">
  <testcase classname="tests.LoginTest" name="invalidLogin" time="1.106"/>
  <testcase classname="tests.LoginTest" name="uiElements" time="1.199"/>
  <testcase classname="tests.LoginTest" name="validLogin_UIAssertOnly" time="1.191"/>
  <testcase classname="tests.CityTest" name="changeToSomeOtherCity" time="11.817"/>
  <testcase classname="tests.CityTest" name="selectCityByIcon" time="0.419"/>
  <testcase classname="tests.CityTest" name="selectValidCity" time="11.34"/>
  <testcase classname="tests.CityTest" name="viewAllCitiesToggle" time="0.838"/>
  <testcase classname="tests.MovieTest" name="searchRunningMovieAndValidate" time="3.763"/>
  <testcase classname="tests.MovieTest" name="upcomingMovies_and_InCinemasNearYouVisibility" time="1.211"/>
  <testcase classname="tests.MovieTest" name="validateMoviesUIAndTopMenu" time="12.99"/>
  <testcase classname="tests.GiftCardTest" name="validateCheckGiftCardBalanceIcon" time="0.315"/>
  <testcase classname="tests.GiftCardTest" name="validateInvalidVoucherMessage" time="1.078"/>
</testsuite> <!-- All Tests -->
