<?xml version="1.0" encoding="UTF-8"?>
<!-- Generated by org.testng.reporters.JUnitXMLReporter -->
<testsuite ignored="0" hostname="Nandemonaiya" failures="0" tests="12" name="Edge Tests" time="2.527" errors="0" timestamp="2025-08-29T00:54:43 IST">
  <testcase classname="tests.LoginTest" name="invalidLogin" time="0.0">
    <skipped/>
  </testcase> <!-- invalidLogin -->
  <testcase classname="tests.LoginTest" name="uiElements" time="0.0">
    <skipped/>
  </testcase> <!-- uiElements -->
  <testcase classname="tests.LoginTest" name="validLogin_UIAssertOnly" time="0.0">
    <skipped/>
  </testcase> <!-- validLogin_UIAssertOnly -->
  <testcase classname="tests.CityTest" name="changeToSomeOtherCity" time="0.0">
    <skipped/>
  </testcase> <!-- changeToSomeOtherCity -->
  <testcase classname="tests.CityTest" name="selectCityByIcon" time="0.0">
    <skipped/>
  </testcase> <!-- selectCityByIcon -->
  <testcase classname="tests.CityTest" name="selectValidCity" time="0.0">
    <skipped/>
  </testcase> <!-- selectValidCity -->
  <testcase classname="tests.CityTest" name="viewAllCitiesToggle" time="0.0">
    <skipped/>
  </testcase> <!-- viewAllCitiesToggle -->
  <testcase classname="tests.MovieTest" name="searchRunningMovieAndValidate" time="0.0">
    <skipped/>
  </testcase> <!-- searchRunningMovieAndValidate -->
  <testcase classname="tests.MovieTest" name="upcomingMovies_and_InCinemasNearYouVisibility" time="0.0">
    <skipped/>
  </testcase> <!-- upcomingMovies_and_InCinemasNearYouVisibility -->
  <testcase classname="tests.MovieTest" name="validateMoviesUIAndTopMenu" time="0.0">
    <skipped/>
  </testcase> <!-- validateMoviesUIAndTopMenu -->
  <testcase classname="tests.GiftCardTest" name="validateCheckGiftCardBalanceIcon" time="0.0">
    <skipped/>
  </testcase> <!-- validateCheckGiftCardBalanceIcon -->
  <testcase classname="tests.GiftCardTest" name="validateInvalidVoucherMessage" time="0.0">
    <skipped/>
  </testcase> <!-- validateInvalidVoucherMessage -->
</testsuite> <!-- Edge Tests -->
