<?xml version="1.0" encoding="UTF-8"?>
<!-- Generated by org.testng.reporters.JUnitXMLReporter -->
<testsuite ignored="0" hostname="Nandemonaiya" failures="0" tests="4" name="City Module" time="10.074" errors="0" timestamp="2025-08-24T19:34:28 IST">
  <testcase classname="tests.CityTest" name="testCityDropdown" time="0.001">
    <skipped/>
  </testcase> <!-- testCityDropdown -->
  <testcase classname="tests.CityTest" name="testCitySelectionByIcon" time="0.001">
    <skipped/>
  </testcase> <!-- testCitySelectionByIcon -->
  <testcase classname="tests.CityTest" name="testInvalidCitySearch" time="0.0">
    <skipped/>
  </testcase> <!-- testInvalidCitySearch -->
  <testcase classname="tests.CityTest" name="testValidCitySearch" time="0.0">
    <skipped/>
  </testcase> <!-- testValidCitySearch -->
</testsuite> <!-- City Module -->
