<?xml version="1.0" encoding="UTF-8"?>
<!-- Generated by org.testng.reporters.JUnitXMLReporter -->
<testsuite ignored="0" hostname="Nandemonaiya" failures="0" tests="2" name="GiftCard Module" time="10.054" errors="0" timestamp="2025-08-24T19:34:48 IST">
  <testcase classname="tests.GiftCardTest" name="testInvalidGiftCardDetails" time="0.0">
    <skipped/>
  </testcase> <!-- testInvalidGiftCardDetails -->
  <testcase classname="tests.GiftCardTest" name="testSelectGiftCard" time="0.0">
    <skipped/>
  </testcase> <!-- testSelectGiftCard -->
</testsuite> <!-- GiftCard Module -->
