<?xml version="1.0" encoding="UTF-8"?>
<!-- Generated by org.testng.reporters.JUnitXMLReporter -->
<testsuite ignored="0" hostname="Nandemonaiya" failures="0" tests="2" name="Movie Module" time="10.077" errors="0" timestamp="2025-08-24T19:34:38 IST">
  <testcase classname="tests.MovieTest" name="testMovieByLanguage" time="0.0">
    <skipped/>
  </testcase> <!-- testMovieByLanguage -->
  <testcase classname="tests.MovieTest" name="testMovieSearch" time="0.0">
    <skipped/>
  </testcase> <!-- testMovieSearch -->
</testsuite> <!-- Movie Module -->
